2009-04-04 18:24:54 Debug: Notice (1024): Please change the value of 'Security.salt' in app/config/core.php to a salt value specific to your application in [CORE\cake\libs\debugger.php, line 556]
2009-04-04 18:59:08 Debug: Notice (1024): Please change the value of 'Security.salt' in app/config/core.php to a salt value specific to your application in [CORE\cake\libs\debugger.php, line 556]
2009-04-05 00:36:01 Debug: Notice (8): Undefined variable: cU in [APP\controllers\users_controller.php, line 72]
2009-04-05 00:36:01 Debug: Notice (8): Undefined property: UsersController::$Group in [APP\controllers\users_controller.php, line 77]
2009-04-05 00:38:11 Debug: Notice (8): Undefined property: UsersController::$Group in [APP\controllers\users_controller.php, line 81]
2009-04-05 02:05:53 Debug: Notice (8): Undefined offset:  1 in [CORE\cake\libs\view\helpers\html.php, line 517]
2009-04-05 03:31:21 Debug: Notice (8): Undefined variable: Users in [APP\views\servers\find.ctp, line 14]
2009-04-05 03:42:15 Debug: Notice (8): Undefined variable: usuario in [APP\views\servers\find.ctp, line 19]
2009-04-05 05:09:32 Debug: Notice (8): Undefined variable: id in [APP\controllers\servers_controller.php, line 27]
2009-04-05 05:26:29 Debug: Notice (8): Undefined property: UsersController::$Group in [APP\controllers\users_controller.php, line 81]
2009-04-05 06:06:54 Debug: Notice (8): Undefined property: UsersController::$Group in [APP\controllers\users_controller.php, line 81]
2009-04-05 06:07:55 Debug: Notice (8): Undefined property: UsersController::$Group in [APP\controllers\users_controller.php, line 81]
2009-04-05 06:08:25 Debug: Notice (8): Undefined property: UsersController::$Group in [APP\controllers\users_controller.php, line 42]
2009-04-05 07:46:17 Debug: Notice (8): Undefined property: UsersController::$User in [APP\controllers\users_controller.php, line 90]
2009-04-05 08:03:53 Debug: Notice (8): Undefined variable: Users in [APP\views\users\index.ctp, line 16]
2009-04-05 08:06:45 Debug: Notice (8): Undefined index:  Persona in [APP\views\users\edit.ctp, line 21]
2009-04-05 08:06:45 Debug: Notice (8): Undefined index:  Persona in [APP\views\users\edit.ctp, line 24]
2009-04-05 08:49:45 Debug: Notice (8): Undefined variable: Servers in [APP\views\domains\dml.ctp, line 57]
2009-04-05 08:49:45 Debug: Notice (8): Undefined variable: Users in [APP\views\domains\dml.ctp, line 70]
2009-04-05 08:51:14 Debug: Notice (8): Undefined variable: Servers in [APP\views\domains\dml.ctp, line 57]
2009-04-05 08:51:14 Debug: Notice (8): Undefined variable: Users in [APP\views\domains\dml.ctp, line 70]
2009-04-05 08:52:09 Debug: Notice (8): Undefined variable: Servers in [APP\views\domains\dml.ctp, line 57]
2009-04-05 08:52:09 Debug: Notice (8): Undefined variable: Users in [APP\views\domains\dml.ctp, line 70]
2009-04-05 09:31:50 Debug: Notice (8): Undefined variable: Server in [APP\views\users\index.ctp, line 24]
2009-04-05 21:02:57 Debug: Notice (8): Undefined variable: username in [APP\controllers\components\cpanel.php, line 8]
2009-04-05 21:02:57 Debug: Notice (8): Undefined variable: password in [APP\controllers\components\cpanel.php, line 9]
2009-04-05 21:31:28 Debug: Notice (8): Undefined index:  username in [APP\controllers\components\cpanel.php, line 13]
2009-04-05 21:31:28 Debug: Notice (8): Undefined index:  password in [APP\controllers\components\cpanel.php, line 14]
2009-04-05 21:31:28 Debug: Notice (8): Undefined index:  port in [APP\controllers\components\cpanel.php, line 15]
2009-04-05 21:31:28 Debug: Notice (8): Use of undefined constant skin - assumed 'skin' in [APP\controllers\components\cpanel.php, line 16]
2009-04-05 21:31:28 Debug: Notice (8): Undefined index:  port in [APP\controllers\components\cpanel.php, line 20]
2009-04-05 21:31:28 Debug: Notice (8): Undefined index:  skin in [APP\controllers\components\cpanel.php, line 20]
2009-04-05 21:36:01 Debug: Notice (8): Use of undefined constant skin - assumed 'skin' in [APP\controllers\components\cpanel.php, line 16]
2009-04-05 21:36:33 Debug: Notice (8): Undefined variable: setting in [APP\controllers\components\cpanel.php, line 16]
2009-04-05 22:39:38 Debug: Notice (8): Undefined variable: Servers in [APP\views\emailaccounts\index.ctp, line 19]
2009-04-05 22:40:07 Debug: Notice (8): Undefined variable: userId in [APP\controllers\emailaccounts_controller.php, line 13]
2009-04-05 22:40:07 Debug: Notice (8): Undefined variable: userId in [APP\controllers\emailaccounts_controller.php, line 15]
2009-04-05 22:40:07 Debug: Notice (8): Undefined variable: Servers in [APP\views\emailaccounts\index.ctp, line 19]
2009-04-05 22:43:59 Debug: Notice (8): Undefined variable: Servers in [APP\views\emailaccounts\index.ctp, line 19]
2009-04-05 22:44:59 Debug: Notice (8): Undefined variable: Servers in [APP\views\emailaccounts\index.ctp, line 19]
2009-04-05 22:45:56 Debug: Notice (8): Undefined variable: Domain in [APP\controllers\emailaccounts_controller.php, line 25]
2009-04-05 22:45:56 Debug: Notice (8): Undefined variable: Servers in [APP\views\emailaccounts\index.ctp, line 19]
2009-04-05 22:46:11 Debug: Notice (8): Undefined variable: Servers in [APP\views\emailaccounts\index.ctp, line 19]
2009-04-05 22:51:38 Debug: Notice (8): Undefined index:  Server in [APP\views\emailaccounts\index.ctp, line 27]
2009-04-05 22:51:38 Debug: Notice (8): Undefined index:  Server in [APP\views\emailaccounts\index.ctp, line 28]
2009-04-05 22:51:38 Debug: Notice (8): Undefined index:  Server in [APP\views\emailaccounts\index.ctp, line 29]
2009-04-05 22:51:38 Debug: Notice (8): Undefined index:  Server in [APP\views\emailaccounts\index.ctp, line 30]
2009-04-05 22:51:38 Debug: Notice (8): Undefined index:  Server in [APP\views\emailaccounts\index.ctp, line 31]
2009-04-05 23:02:16 Debug: Notice (8): Undefined index:  username in [APP\controllers\components\cpanel.php, line 10]
2009-04-05 23:02:16 Debug: Notice (8): Undefined index:  password in [APP\controllers\components\cpanel.php, line 11]
2009-04-05 23:02:16 Debug: Notice (8): Undefined index:  port in [APP\controllers\components\cpanel.php, line 12]
2009-04-05 23:02:16 Debug: Notice (8): Undefined index:  skin in [APP\controllers\components\cpanel.php, line 13]
2009-04-05 23:02:16 Debug: Notice (8): Undefined index:  port in [APP\controllers\components\cpanel.php, line 15]
2009-04-05 23:02:16 Debug: Notice (8): Undefined index:  skin in [APP\controllers\components\cpanel.php, line 15]
2009-04-05 23:07:22 Debug: Notice (8): Undefined index:  User in [APP\controllers\emailaccounts_controller.php, line 31]
2009-04-05 23:07:22 Debug: Notice (8): Undefined index:  Pass in [APP\controllers\emailaccounts_controller.php, line 32]
2009-04-05 23:07:22 Debug: Notice (8): Undefined index:  Pass in [APP\controllers\emailaccounts_controller.php, line 34]
2009-04-05 23:14:38 Debug: Notice (8): Undefined variable: cp in [APP\controllers\emailaccounts_controller.php, line 36]
2009-04-06 01:01:07 Debug: Notice (8): Undefined variable: Domains in [APP\controllers\emailaccounts_controller.php, line 35]
2009-04-06 01:01:07 Debug: Notice (8): Array to string conversion in [APP\controllers\emailaccounts_controller.php, line 35]
2009-04-06 07:11:47 Debug: Notice (8): Undefined variable: Emails in [APP\views\ftpaccounts\index.ctp, line 24]
2009-04-06 10:40:34 Debug: Notice (8): Undefined variable: Domains in [APP\controllers\emailaccounts_controller.php, line 43]
2009-04-06 10:48:05 Debug: Notice (8): Undefined index:  id in [APP\views\emailaccounts\add.ctp, line 15]
2009-04-06 10:51:13 Debug: Notice (8): Undefined property: EmailaccountsController::$User in [APP\controllers\emailaccounts_controller.php, line 53]
2009-04-06 10:58:08 Debug: Notice (8): Undefined property: EmailaccountsController::$param in [APP\controllers\emailaccounts_controller.php, line 50]
2009-04-06 11:07:36 Debug: Notice (8): Undefined index:  domain in [APP\controllers\emailaccounts_controller.php, line 58]
2009-04-06 11:08:26 Debug: Notice (8): Undefined index:  0 in [APP\views\elements\buttoninside.ctp, line 5]
2009-04-06 11:12:05 Debug: Notice (8): Undefined index:  domain in [APP\controllers\emailaccounts_controller.php, line 58]
2009-04-06 11:17:18 Debug: Notice (8): Undefined index:  0 in [APP\views\elements\buttoninside.ctp, line 5]
2009-04-06 11:19:14 Debug: Notice (8): Undefined index:  0 in [APP\views\elements\buttoninside.ctp, line 5]
2009-04-06 11:22:09 Debug: Notice (8): Undefined index:  0 in [APP\views\elements\buttoninside.ctp, line 12]
2009-04-06 11:29:22 Debug: Notice (8): Undefined index:  0 in [APP\views\elements\buttoninside.ctp, line 12]
2009-04-06 12:28:02 Debug: Notice (8): Undefined index:  0 in [APP\views\elements\buttoninside.ctp, line 12]
2009-04-06 12:47:19 Debug: Notice (8): Undefined variable: cond in [APP\controllers\domains_controller.php, line 23]
2009-04-06 19:03:21 Debug: Notice (8): Undefined index:  id in [APP\controllers\emailaccounts_controller.php, line 64]
2009-04-06 19:57:05 Debug: Notice (8): Undefined variable: quote in [APP\controllers\emailaccounts_controller.php, line 90]
2009-04-06 19:57:05 Debug: Notice (8): Undefined variable: quote in [APP\controllers\emailaccounts_controller.php, line 91]
2009-04-06 19:58:04 Debug: Notice (8): Undefined variable: quote in [APP\controllers\emailaccounts_controller.php, line 90]
2009-04-06 19:58:04 Debug: Notice (8): Undefined variable: quote in [APP\controllers\emailaccounts_controller.php, line 91]
2009-04-06 19:58:04 Debug: Notice (8): Undefined variable: Domain in [APP\views\emailaccounts\add.ctp, line 15]
2009-04-06 19:58:04 Debug: Notice (8): Undefined variable: Domain in [APP\views\emailaccounts\add.ctp, line 26]
2009-04-06 19:59:18 Debug: Notice (8): Undefined variable: Domain in [APP\views\emailaccounts\add.ctp, line 15]
2009-04-06 19:59:18 Debug: Notice (8): Undefined variable: Domain in [APP\views\emailaccounts\add.ctp, line 26]
2009-04-06 19:59:54 Debug: Notice (8): Undefined variable: Domain in [APP\views\emailaccounts\add.ctp, line 15]
2009-04-06 19:59:54 Debug: Notice (8): Undefined variable: Domain in [APP\views\emailaccounts\add.ctp, line 26]
2009-04-07 00:13:07 Debug: Notice (8): Undefined variable: Domain in [APP\views\emailaccounts\edit.ctp, line 25]
2009-04-07 01:19:46 Debug: Notice (8): Undefined variable: array_variable in [APP\views\elements\buttoninside.ctp, line 8]
2009-04-07 03:05:02 Debug: Notice (8): Undefined index:  account in [APP\views\emailaccounts\edit.ctp, line 39]
2009-04-07 03:05:43 Debug: Notice (8): Undefined index:  id in [APP\controllers\emailaccounts_controller.php, line 69]
2009-04-07 03:30:40 Debug: Notice (8): Undefined property: EmailaccountsController::$User in [APP\controllers\emailaccounts_controller.php, line 104]
2009-04-07 03:31:00 Debug: Notice (8): Undefined property: EmailaccountsController::$Emailaccount in [APP\controllers\emailaccounts_controller.php, line 104]
2009-04-07 03:38:23 Debug: Notice (8): Undefined property: EmailaccountsController::$Emailaccount in [APP\controllers\emailaccounts_controller.php, line 104]
2009-04-07 03:52:43 Debug: Notice (8): Undefined variable: result2 in [APP\controllers\emailaccounts_controller.php, line 85]
2009-04-07 15:22:45 Debug: Notice (8): Undefined variable: Emails in [APP\views\ftpaccounts\index.ctp, line 23]
2009-04-07 15:29:27 Debug: Notice (8): Undefined variable: Ftps in [APP\views\ftpaccounts\index.ctp, line 23]
2009-04-07 23:08:58 Debug: Notice (8): Undefined variable: Domain in [APP\views\ftpaccounts\add.ctp, line 15]
2009-04-07 23:08:58 Debug: Notice (8): Undefined variable: Domain in [APP\views\ftpaccounts\add.ctp, line 26]
2009-04-08 00:11:51 Debug: Notice (8): Undefined variable: directory in [APP\controllers\components\cpanel.php, line 154]
2009-04-08 00:11:52 Debug: Notice (8): Undefined index:  id in [APP\controllers\ftpaccounts_controller.php, line 61]
2009-04-08 00:19:32 Debug: Notice (8): Undefined variable: directory in [APP\controllers\components\cpanel.php, line 154]
2009-04-08 00:19:33 Debug: Notice (8): Undefined index:  id in [APP\controllers\ftpaccounts_controller.php, line 61]
2009-04-08 00:20:50 Debug: Notice (8): Undefined index:  id in [APP\controllers\ftpaccounts_controller.php, line 62]
2009-04-08 01:39:42 Debug: Notice (8): Undefined variable: cond in [APP\controllers\domains_controller.php, line 23]
2009-04-08 04:00:28 Debug: Notice (8): Undefined index:  login in [APP\controllers\ftpaccounts_controller.php, line 80]
2009-04-08 04:00:30 Debug: Notice (8): Undefined index:  login in [APP\controllers\ftpaccounts_controller.php, line 84]
2009-04-08 04:26:19 Debug: Notice (8): Undefined variable: cU in [APP\views\users\chlogin.ctp, line 18]
2009-04-08 05:13:02 Debug: Notice (8): Undefined variable: cU in [APP\views\users\chlogin.ctp, line 18]
2009-04-08 05:54:46 Debug: Notice (8): Undefined variable: FDL in [APP\views\users\login.ctp, line 12]
2009-04-08 05:54:46 Debug: Notice (8): Undefined variable: FDL in [APP\views\users\login.ctp, line 16]
2009-04-08 05:54:46 Debug: Notice (8): Undefined variable: FDL in [APP\views\users\login.ctp, line 20]
2009-04-08 05:54:47 Debug: Notice (8): Undefined variable: FDL in [APP\views\users\login.ctp, line 25]
2009-04-08 05:54:47 Debug: Notice (8): Undefined variable: FDL in [APP\views\users\login.ctp, line 29]
2009-04-08 05:54:47 Debug: Notice (8): Undefined variable: FDL in [APP\views\users\login.ctp, line 33]
2009-04-08 05:54:47 Debug: Notice (8): Undefined variable: FDL in [APP\views\users\login.ctp, line 38]
2009-04-08 05:54:47 Debug: Notice (8): Undefined variable: FDL in [APP\views\users\login.ctp, line 40]
2009-04-08 07:30:00 Debug: Notice (8): Undefined variable: cU in [APP\views\elements\buttoninside.ctp, line 44]
2009-04-08 07:33:02 Debug: Notice (8): Undefined property: View::$Auth in [APP\views\elements\buttoninside.ctp, line 3]
2009-04-08 07:34:27 Debug: Notice (8): Undefined property: View::$Auth in [APP\views\elements\buttoninside.ctp, line 3]
2009-04-08 14:00:01 Debug: Notice (8): Undefined variable: cU in [APP\controllers\domains_controller.php, line 11]
2009-04-08 14:01:20 Debug: Notice (8): Undefined variable: cU in [APP\controllers\domains_controller.php, line 11]
2009-04-08 14:08:51 Debug: Notice (8): Undefined property: View::$Auth in [APP\views\layouts\default.ctp, line 97]
