2009-04-05 01:21:58 Warning: Warning (512): Method FormHelper::tag does not exist in [CORE\cake\libs\view\helper.php, line 143]
2009-04-05 03:31:21 Warning: Warning (2): Invalid argument supplied for foreach() in [APP\views\servers\find.ctp, line 14]
2009-04-05 08:03:53 Warning: Warning (2): Invalid argument supplied for foreach() in [APP\views\users\index.ctp, line 16]
2009-04-05 21:02:57 Warning: Warning (2): Missing argument 1 for CpanelComponent::__construct(), called in C:\xampp\htdocs\ypanel\cake\libs\controller\component.php on line 239 and defined in [APP\controllers\components\cpanel.php, line 7]
2009-04-05 21:02:57 Warning: Warning (2): Missing argument 2 for CpanelComponent::__construct(), called in C:\xampp\htdocs\ypanel\cake\libs\controller\component.php on line 239 and defined in [APP\controllers\components\cpanel.php, line 7]
2009-04-05 22:39:38 Warning: Warning (2): Invalid argument supplied for foreach() in [APP\views\emailaccounts\index.ctp, line 19]
2009-04-05 22:40:07 Warning: Warning (512): <span style = "color:Red;text-align:left"><b>SQL Error:</b> 1054: Unknown column 'Group.id' in 'field list'</span> in [CORE\cake\libs\model\datasources\dbo_source.php, line 525]
2009-04-05 22:40:07 Warning: Warning (2): Invalid argument supplied for foreach() in [APP\views\emailaccounts\index.ctp, line 19]
2009-04-05 22:43:59 Warning: Warning (512): <span style = "color:Red;text-align:left"><b>SQL Error:</b> 1054: Unknown column 'Group.id' in 'field list'</span> in [CORE\cake\libs\model\datasources\dbo_source.php, line 525]
2009-04-05 22:43:59 Warning: Warning (2): Invalid argument supplied for foreach() in [APP\views\emailaccounts\index.ctp, line 19]
2009-04-05 22:44:59 Warning: Warning (2): Invalid argument supplied for foreach() in [APP\views\emailaccounts\index.ctp, line 19]
2009-04-05 22:45:56 Warning: Warning (2): Invalid argument supplied for foreach() in [APP\views\emailaccounts\index.ctp, line 19]
2009-04-05 22:46:11 Warning: Warning (2): Invalid argument supplied for foreach() in [APP\views\emailaccounts\index.ctp, line 19]
2009-04-05 22:46:54 Warning: Warning (2): Invalid argument supplied for foreach() in [APP\views\emailaccounts\index.ctp, line 19]
2009-04-05 22:47:49 Warning: Warning (2): Invalid argument supplied for foreach() in [APP\views\emailaccounts\index.ctp, line 24]
2009-04-05 22:51:07 Warning: Warning (2): Invalid argument supplied for foreach() in [APP\views\emailaccounts\index.ctp, line 24]
2009-04-06 00:44:57 Warning: Warning (2): Invalid argument supplied for foreach() in [APP\views\emailaccounts\index.ctp, line 24]
2009-04-06 00:48:26 Warning: Warning (2): Wrong parameter count for array_filter() in [APP\controllers\emailaccounts_controller.php, line 41]
2009-04-06 00:48:26 Warning: Warning (2): Invalid argument supplied for foreach() in [APP\views\emailaccounts\index.ctp, line 24]
2009-04-06 00:57:31 Warning: Warning (2): array_map() [<a href='http://php.net/function.array-map'>function.array-map</a>]: Argument #3 should be an array in [APP\controllers\emailaccounts_controller.php, line 46]
2009-04-06 00:57:31 Warning: Warning (2): Invalid argument supplied for foreach() in [APP\views\emailaccounts\index.ctp, line 24]
2009-04-06 01:00:29 Warning: Warning (2): Wrong parameter count for array_filter() in [APP\controllers\emailaccounts_controller.php, line 45]
2009-04-06 01:00:29 Warning: Warning (2): Invalid argument supplied for foreach() in [APP\views\emailaccounts\index.ctp, line 24]
2009-04-06 03:43:52 Warning: Warning (2): session_regenerate_id() [<a href='http://php.net/function.session-regenerate-id'>function.session-regenerate-id</a>]: Session object destruction failed in [CORE\cake\libs\session.php, line 599]
2009-04-06 07:11:47 Warning: Warning (2): Invalid argument supplied for foreach() in [APP\views\ftpaccounts\index.ctp, line 24]
2009-04-06 11:13:28 Warning: Warning (2): Invalid argument supplied for foreach() in [APP\views\emailaccounts\index.ctp, line 22]
2009-04-06 11:14:31 Warning: Warning (2): Invalid argument supplied for foreach() in [APP\views\emailaccounts\index.ctp, line 22]
2009-04-06 19:38:22 Warning: Warning (2): Invalid argument supplied for foreach() in [APP\views\emailaccounts\index.ctp, line 22]
2009-04-06 21:38:43 Warning: Warning (2): Invalid argument supplied for foreach() in [APP\views\emailaccounts\index.ctp, line 23]
2009-04-06 22:10:04 Warning: Warning (2): Invalid argument supplied for foreach() in [APP\views\emailaccounts\index.ctp, line 23]
2009-04-07 01:19:46 Warning: Warning (2): Invalid argument supplied for foreach() in [APP\views\elements\buttoninside.ctp, line 8]
2009-04-07 15:22:45 Warning: Warning (2): Invalid argument supplied for foreach() in [APP\views\ftpaccounts\index.ctp, line 23]
2009-04-07 15:29:27 Warning: Warning (2): Invalid argument supplied for foreach() in [APP\views\ftpaccounts\index.ctp, line 23]
2009-04-07 21:04:18 Warning: Warning (4096): Object of class DOMElement could not be converted to string in [CORE\cake\basics.php, line 267]
2009-04-07 21:08:47 Warning: Warning (4096): Object of class DOMElement could not be converted to string in [CORE\cake\basics.php, line 267]
2009-04-08 00:11:51 Warning: Warning (2): Missing argument 5 for CpanelComponent::addFtp(), called in C:\xampp\htdocs\ypanel\app\controllers\ftpaccounts_controller.php on line 60 and defined in [APP\controllers\components\cpanel.php, line 152]
2009-04-08 00:19:32 Warning: Warning (2): Missing argument 5 for CpanelComponent::addFtp(), called in C:\xampp\htdocs\ypanel\app\controllers\ftpaccounts_controller.php on line 60 and defined in [APP\controllers\components\cpanel.php, line 152]
